<?xml version="1.0" encoding="UTF-8"?>
<coverage generated="1489053015301" clover="3.2.0">
  <project timestamp="1489053015301" name="All files">
    <metrics statements="169" coveredstatements="42" conditionals="44" coveredconditionals="2" methods="88" coveredmethods="20" elements="301" coveredelements="64" complexity="0" loc="169" ncloc="169" packages="10" files="15" classes="15">
      <package name="actions">
        <metrics statements="72" coveredstatements="0" conditionals="26" coveredconditionals="0" methods="38" coveredmethods="0"/>
        <file name="auth.js" path="C:\Users\nxp86281\Documents\Cours\picshape\front\src\actions\auth.js">
          <metrics statements="62" coveredstatements="0" conditionals="26" coveredconditionals="0" methods="34" coveredmethods="0"/>
          <line num="6" count="0" type="stmt"/>
          <line num="7" count="0" type="stmt"/>
          <line num="11" count="0" type="stmt"/>
          <line num="19" count="0" type="stmt"/>
          <line num="20" count="0" type="stmt"/>
          <line num="21" count="0" type="stmt"/>
          <line num="26" count="0" type="stmt"/>
          <line num="27" count="0" type="stmt"/>
          <line num="30" count="0" type="stmt"/>
          <line num="31" count="0" type="stmt"/>
          <line num="42" count="0" type="stmt"/>
          <line num="43" count="0" type="stmt"/>
          <line num="46" count="0" type="stmt"/>
          <line num="51" count="0" type="stmt"/>
          <line num="52" count="0" type="stmt"/>
          <line num="53" count="0" type="stmt"/>
          <line num="58" count="0" type="stmt"/>
          <line num="59" count="0" type="stmt"/>
          <line num="61" count="0" type="stmt"/>
          <line num="72" count="0" type="stmt"/>
          <line num="73" count="0" type="stmt"/>
          <line num="74" count="0" type="stmt"/>
          <line num="80" count="0" type="stmt"/>
          <line num="81" count="0" type="stmt"/>
          <line num="84" count="0" type="stmt"/>
          <line num="89" count="0" type="stmt"/>
          <line num="90" count="0" type="stmt"/>
          <line num="91" count="0" type="stmt"/>
          <line num="97" count="0" type="stmt"/>
          <line num="98" count="0" type="stmt"/>
          <line num="109" count="0" type="stmt"/>
          <line num="110" count="0" type="stmt"/>
          <line num="113" count="0" type="stmt"/>
          <line num="121" count="0" type="stmt"/>
          <line num="122" count="0" type="stmt"/>
          <line num="123" count="0" type="stmt"/>
          <line num="124" count="0" type="stmt"/>
          <line num="130" count="0" type="stmt"/>
          <line num="131" count="0" type="stmt"/>
          <line num="142" count="0" type="stmt"/>
          <line num="143" count="0" type="stmt"/>
          <line num="146" count="0" type="stmt"/>
          <line num="160" count="0" type="stmt"/>
          <line num="161" count="0" type="stmt"/>
          <line num="162" count="0" type="stmt"/>
          <line num="168" count="0" type="stmt"/>
          <line num="169" count="0" type="stmt"/>
          <line num="180" count="0" type="stmt"/>
          <line num="181" count="0" type="stmt"/>
          <line num="184" count="0" type="stmt"/>
          <line num="195" count="0" type="stmt"/>
          <line num="196" count="0" type="stmt"/>
          <line num="197" count="0" type="stmt"/>
          <line num="203" count="0" type="stmt"/>
          <line num="204" count="0" type="stmt"/>
          <line num="215" count="0" type="stmt"/>
          <line num="216" count="0" type="stmt"/>
          <line num="219" count="0" type="stmt"/>
          <line num="225" count="0" type="stmt"/>
          <line num="226" count="0" type="stmt"/>
          <line num="227" count="0" type="stmt"/>
          <line num="228" count="0" type="stmt"/>
        </file>
        <file name="upload.js" path="C:\Users\nxp86281\Documents\Cours\picshape\front\src\actions\upload.js">
          <metrics statements="10" coveredstatements="0" conditionals="0" coveredconditionals="0" methods="4" coveredmethods="0"/>
          <line num="4" count="0" type="stmt"/>
          <line num="5" count="0" type="stmt"/>
          <line num="10" count="0" type="stmt"/>
          <line num="12" count="0" type="stmt"/>
          <line num="13" count="0" type="stmt"/>
          <line num="14" count="0" type="stmt"/>
          <line num="15" count="0" type="stmt"/>
          <line num="17" count="0" type="stmt"/>
          <line num="22" count="0" type="stmt"/>
          <line num="27" count="0" type="stmt"/>
        </file>
      </package>
      <package name="components.About">
        <metrics statements="8" coveredstatements="3" conditionals="2" coveredconditionals="0" methods="3" coveredmethods="2"/>
        <file name="About.js" path="C:\Users\nxp86281\Documents\Cours\picshape\front\src\components\About\About.js">
          <metrics statements="8" coveredstatements="3" conditionals="2" coveredconditionals="0" methods="3" coveredmethods="2"/>
          <line num="10" count="1" type="stmt"/>
          <line num="11" count="1" type="stmt"/>
          <line num="17" count="0" type="stmt"/>
          <line num="19" count="0" type="stmt"/>
          <line num="20" count="0" type="stmt"/>
          <line num="24" count="0" type="stmt"/>
          <line num="25" count="0" type="stmt"/>
          <line num="30" count="1" type="stmt"/>
        </file>
      </package>
      <package name="components.Account">
        <metrics statements="44" coveredstatements="19" conditionals="0" coveredconditionals="0" methods="27" coveredmethods="9"/>
        <file name="Forgot.js" path="C:\Users\nxp86281\Documents\Cours\picshape\front\src\components\Account\Forgot.js">
          <metrics statements="8" coveredstatements="4" conditionals="0" coveredconditionals="0" methods="5" coveredmethods="2"/>
          <line num="7" count="1" type="stmt"/>
          <line num="8" count="1" type="stmt"/>
          <line num="12" count="0" type="stmt"/>
          <line num="16" count="0" type="stmt"/>
          <line num="17" count="0" type="stmt"/>
          <line num="21" count="1" type="stmt"/>
          <line num="38" count="1" type="stmt"/>
          <line num="39" count="0" type="stmt"/>
        </file>
        <file name="Login.js" path="C:\Users\nxp86281\Documents\Cours\picshape\front\src\components\Account\Login.js">
          <metrics statements="8" coveredstatements="4" conditionals="0" coveredconditionals="0" methods="5" coveredmethods="2"/>
          <line num="8" count="1" type="stmt"/>
          <line num="9" count="1" type="stmt"/>
          <line num="13" count="0" type="stmt"/>
          <line num="17" count="0" type="stmt"/>
          <line num="18" count="0" type="stmt"/>
          <line num="22" count="1" type="stmt"/>
          <line num="48" count="1" type="stmt"/>
          <line num="49" count="0" type="stmt"/>
        </file>
        <file name="Profile.js" path="C:\Users\nxp86281\Documents\Cours\picshape\front\src\components\Account\Profile.js">
          <metrics statements="12" coveredstatements="3" conditionals="0" coveredconditionals="0" methods="7" coveredmethods="1"/>
          <line num="7" count="1" type="stmt"/>
          <line num="8" count="1" type="stmt"/>
          <line num="21" count="0" type="stmt"/>
          <line num="25" count="0" type="stmt"/>
          <line num="26" count="0" type="stmt"/>
          <line num="30" count="0" type="stmt"/>
          <line num="31" count="0" type="stmt"/>
          <line num="35" count="0" type="stmt"/>
          <line num="36" count="0" type="stmt"/>
          <line num="42" count="0" type="stmt"/>
          <line num="133" count="1" type="stmt"/>
          <line num="134" count="0" type="stmt"/>
        </file>
        <file name="Reset.js" path="C:\Users\nxp86281\Documents\Cours\picshape\front\src\components\Account\Reset.js">
          <metrics statements="8" coveredstatements="4" conditionals="0" coveredconditionals="0" methods="5" coveredmethods="2"/>
          <line num="7" count="1" type="stmt"/>
          <line num="8" count="1" type="stmt"/>
          <line num="12" count="0" type="stmt"/>
          <line num="16" count="0" type="stmt"/>
          <line num="17" count="0" type="stmt"/>
          <line num="21" count="1" type="stmt"/>
          <line num="45" count="1" type="stmt"/>
          <line num="46" count="0" type="stmt"/>
        </file>
        <file name="Signup.js" path="C:\Users\nxp86281\Documents\Cours\picshape\front\src\components\Account\Signup.js">
          <metrics statements="8" coveredstatements="4" conditionals="0" coveredconditionals="0" methods="5" coveredmethods="2"/>
          <line num="8" count="1" type="stmt"/>
          <line num="9" count="1" type="stmt"/>
          <line num="13" count="0" type="stmt"/>
          <line num="17" count="0" type="stmt"/>
          <line num="18" count="0" type="stmt"/>
          <line num="23" count="1" type="stmt"/>
          <line num="55" count="1" type="stmt"/>
          <line num="56" count="0" type="stmt"/>
        </file>
      </package>
      <package name="components.App">
        <metrics statements="3" coveredstatements="2" conditionals="0" coveredconditionals="0" methods="2" coveredmethods="1"/>
        <file name="App.js" path="C:\Users\nxp86281\Documents\Cours\picshape\front\src\components\App\App.js">
          <metrics statements="3" coveredstatements="2" conditionals="0" coveredconditionals="0" methods="2" coveredmethods="1"/>
          <line num="12" count="1" type="stmt"/>
          <line num="26" count="1" type="stmt"/>
          <line num="27" count="0" type="stmt"/>
        </file>
      </package>
      <package name="components.Footer">
        <metrics statements="1" coveredstatements="1" conditionals="0" coveredconditionals="0" methods="1" coveredmethods="1"/>
        <file name="Footer.js" path="C:\Users\nxp86281\Documents\Cours\picshape\front\src\components\Footer\Footer.js">
          <metrics statements="1" coveredstatements="1" conditionals="0" coveredconditionals="0" methods="1" coveredmethods="1"/>
          <line num="7" count="1" type="stmt"/>
        </file>
      </package>
      <package name="components.Header">
        <metrics statements="8" coveredstatements="5" conditionals="2" coveredconditionals="1" methods="3" coveredmethods="1"/>
        <file name="Header.js" path="C:\Users\nxp86281\Documents\Cours\picshape\front\src\components\Header\Header.js">
          <metrics statements="8" coveredstatements="5" conditionals="2" coveredconditionals="1" methods="3" coveredmethods="1"/>
          <line num="11" count="0" type="stmt"/>
          <line num="12" count="0" type="stmt"/>
          <line num="16" count="1" type="stmt"/>
          <line num="18" count="1" type="stmt"/>
          <line num="23" count="1" type="stmt"/>
          <line num="28" count="1" type="stmt"/>
          <line num="45" count="2" type="stmt"/>
          <line num="46" count="0" type="stmt"/>
        </file>
      </package>
      <package name="components.Home">
        <metrics statements="3" coveredstatements="3" conditionals="0" coveredconditionals="0" methods="2" coveredmethods="2"/>
        <file name="Home.js" path="C:\Users\nxp86281\Documents\Cours\picshape\front\src\components\Home\Home.js">
          <metrics statements="3" coveredstatements="3" conditionals="0" coveredconditionals="0" methods="2" coveredmethods="2"/>
          <line num="8" count="1" type="stmt"/>
          <line num="9" count="1" type="stmt"/>
          <line num="14" count="1" type="stmt"/>
        </file>
      </package>
      <package name="components.Messages">
        <metrics statements="4" coveredstatements="1" conditionals="6" coveredconditionals="0" methods="4" coveredmethods="1"/>
        <file name="Messages.js" path="C:\Users\nxp86281\Documents\Cours\picshape\front\src\components\Messages\Messages.js">
          <metrics statements="4" coveredstatements="1" conditionals="6" coveredconditionals="0" methods="4" coveredmethods="1"/>
          <line num="5" count="1" type="stmt"/>
          <line num="9" count="0" type="stmt"/>
          <line num="16" count="0" type="stmt"/>
          <line num="23" count="0" type="stmt"/>
        </file>
      </package>
      <package name="components.NotFound">
        <metrics statements="2" coveredstatements="2" conditionals="0" coveredconditionals="0" methods="1" coveredmethods="1"/>
        <file name="NotFound.js" path="C:\Users\nxp86281\Documents\Cours\picshape\front\src\components\NotFound\NotFound.js">
          <metrics statements="2" coveredstatements="2" conditionals="0" coveredconditionals="0" methods="1" coveredmethods="1"/>
          <line num="3" count="1" type="stmt"/>
          <line num="4" count="1" type="stmt"/>
        </file>
      </package>
      <package name="components.Upload">
        <metrics statements="24" coveredstatements="6" conditionals="8" coveredconditionals="1" methods="7" coveredmethods="2"/>
        <file name="Upload.js" path="C:\Users\nxp86281\Documents\Cours\picshape\front\src\components\Upload\Upload.js">
          <metrics statements="24" coveredstatements="6" conditionals="8" coveredconditionals="1" methods="7" coveredmethods="2"/>
          <line num="15" count="1" type="stmt"/>
          <line num="16" count="1" type="stmt"/>
          <line num="23" count="0" type="stmt"/>
          <line num="24" count="0" type="stmt"/>
          <line num="26" count="0" type="stmt"/>
          <line num="27" count="0" type="stmt"/>
          <line num="29" count="0" type="stmt"/>
          <line num="30" count="0" type="stmt"/>
          <line num="31" count="0" type="stmt"/>
          <line num="37" count="0" type="stmt"/>
          <line num="42" count="0" type="stmt"/>
          <line num="43" count="0" type="stmt"/>
          <line num="46" count="0" type="stmt"/>
          <line num="51" count="0" type="stmt"/>
          <line num="53" count="0" type="stmt"/>
          <line num="54" count="0" type="stmt"/>
          <line num="55" count="0" type="stmt"/>
          <line num="57" count="0" type="stmt"/>
          <line num="58" count="0" type="stmt"/>
          <line num="64" count="1" type="stmt"/>
          <line num="80" count="1" type="stmt"/>
          <line num="86" count="1" type="stmt"/>
          <line num="130" count="1" type="stmt"/>
          <line num="131" count="0" type="stmt"/>
        </file>
      </package>
    </metrics>
  </project>
</coverage>
