{"C:\Users\nxp86281\Documents\Cours\picshape\front\src\actions\auth.js": {"path":"C:\\Users\\nxp86281\\Documents\\Cours\\picshape\\front\\src\\actions\\auth.js","statementMap":{"0":{"start":{"line":6,"column":2},"end":{"line":38,"column":4}},"1":{"start":{"line":7,"column":6},"end":{"line":9,"column":9}},"2":{"start":{"line":11,"column":4},"end":{"line":37,"column":7}},"3":{"start":{"line":19,"column":6},"end":{"line":36,"column":7}},"4":{"start":{"line":20,"column":8},"end":{"line":28,"column":11}},"5":{"start":{"line":21,"column":10},"end":{"line":25,"column":13}},"6":{"start":{"line":26,"column":10},"end":{"line":26,"column":90}},"7":{"start":{"line":27,"column":10},"end":{"line":27,"column":42}},"8":{"start":{"line":30,"column":8},"end":{"line":35,"column":11}},"9":{"start":{"line":31,"column":10},"end":{"line":34,"column":13}},"10":{"start":{"line":42,"column":2},"end":{"line":68,"column":4}},"11":{"start":{"line":43,"column":4},"end":{"line":45,"column":7}},"12":{"start":{"line":46,"column":4},"end":{"line":67,"column":7}},"13":{"start":{"line":51,"column":6},"end":{"line":66,"column":9}},"14":{"start":{"line":52,"column":8},"end":{"line":65,"column":9}},"15":{"start":{"line":53,"column":10},"end":{"line":57,"column":13}},"16":{"start":{"line":58,"column":10},"end":{"line":58,"column":35}},"17":{"start":{"line":59,"column":10},"end":{"line":59,"column":90}},"18":{"start":{"line":61,"column":10},"end":{"line":64,"column":13}},"19":{"start":{"line":72,"column":2},"end":{"line":72,"column":25}},"20":{"start":{"line":73,"column":2},"end":{"line":73,"column":32}},"21":{"start":{"line":74,"column":2},"end":{"line":76,"column":4}},"22":{"start":{"line":80,"column":2},"end":{"line":105,"column":4}},"23":{"start":{"line":81,"column":4},"end":{"line":83,"column":7}},"24":{"start":{"line":84,"column":4},"end":{"line":104,"column":7}},"25":{"start":{"line":89,"column":6},"end":{"line":103,"column":7}},"26":{"start":{"line":90,"column":8},"end":{"line":95,"column":11}},"27":{"start":{"line":91,"column":10},"end":{"line":94,"column":13}},"28":{"start":{"line":97,"column":8},"end":{"line":102,"column":11}},"29":{"start":{"line":98,"column":10},"end":{"line":101,"column":13}},"30":{"start":{"line":109,"column":2},"end":{"line":138,"column":4}},"31":{"start":{"line":110,"column":4},"end":{"line":112,"column":7}},"32":{"start":{"line":113,"column":4},"end":{"line":137,"column":7}},"33":{"start":{"line":121,"column":6},"end":{"line":136,"column":7}},"34":{"start":{"line":122,"column":8},"end":{"line":128,"column":11}},"35":{"start":{"line":123,"column":10},"end":{"line":123,"column":40}},"36":{"start":{"line":124,"column":10},"end":{"line":127,"column":13}},"37":{"start":{"line":130,"column":8},"end":{"line":135,"column":11}},"38":{"start":{"line":131,"column":10},"end":{"line":134,"column":13}},"39":{"start":{"line":142,"column":2},"end":{"line":176,"column":4}},"40":{"start":{"line":143,"column":4},"end":{"line":145,"column":7}},"41":{"start":{"line":146,"column":4},"end":{"line":175,"column":7}},"42":{"start":{"line":160,"column":6},"end":{"line":174,"column":7}},"43":{"start":{"line":161,"column":8},"end":{"line":166,"column":11}},"44":{"start":{"line":162,"column":10},"end":{"line":165,"column":13}},"45":{"start":{"line":168,"column":8},"end":{"line":173,"column":11}},"46":{"start":{"line":169,"column":10},"end":{"line":172,"column":13}},"47":{"start":{"line":180,"column":2},"end":{"line":211,"column":4}},"48":{"start":{"line":181,"column":4},"end":{"line":183,"column":7}},"49":{"start":{"line":184,"column":4},"end":{"line":210,"column":7}},"50":{"start":{"line":195,"column":6},"end":{"line":209,"column":7}},"51":{"start":{"line":196,"column":8},"end":{"line":201,"column":11}},"52":{"start":{"line":197,"column":10},"end":{"line":200,"column":13}},"53":{"start":{"line":203,"column":8},"end":{"line":208,"column":11}},"54":{"start":{"line":204,"column":10},"end":{"line":207,"column":13}},"55":{"start":{"line":215,"column":2},"end":{"line":235,"column":4}},"56":{"start":{"line":216,"column":4},"end":{"line":218,"column":7}},"57":{"start":{"line":219,"column":4},"end":{"line":234,"column":7}},"58":{"start":{"line":225,"column":6},"end":{"line":233,"column":7}},"59":{"start":{"line":226,"column":8},"end":{"line":232,"column":11}},"60":{"start":{"line":227,"column":10},"end":{"line":227,"column":29}},"61":{"start":{"line":228,"column":10},"end":{"line":231,"column":13}}},"fnMap":{"0":{"name":"login","decl":{"start":{"line":5,"column":16},"end":{"line":5,"column":21}},"loc":{"start":{"line":5,"column":39},"end":{"line":39,"column":1}}},"1":{"name":"(anonymous_1)","decl":{"start":{"line":6,"column":9},"end":{"line":6,"column":10}},"loc":{"start":{"line":6,"column":23},"end":{"line":38,"column":3}}},"2":{"name":"(anonymous_2)","decl":{"start":{"line":18,"column":12},"end":{"line":18,"column":13}},"loc":{"start":{"line":18,"column":26},"end":{"line":37,"column":5}}},"3":{"name":"(anonymous_3)","decl":{"start":{"line":20,"column":36},"end":{"line":20,"column":37}},"loc":{"start":{"line":20,"column":46},"end":{"line":28,"column":9}}},"4":{"name":"(anonymous_4)","decl":{"start":{"line":30,"column":36},"end":{"line":30,"column":37}},"loc":{"start":{"line":30,"column":46},"end":{"line":35,"column":9}}},"5":{"name":"signup","decl":{"start":{"line":41,"column":16},"end":{"line":41,"column":22}},"loc":{"start":{"line":41,"column":46},"end":{"line":69,"column":1}}},"6":{"name":"(anonymous_6)","decl":{"start":{"line":42,"column":9},"end":{"line":42,"column":10}},"loc":{"start":{"line":42,"column":23},"end":{"line":68,"column":3}}},"7":{"name":"(anonymous_7)","decl":{"start":{"line":50,"column":12},"end":{"line":50,"column":13}},"loc":{"start":{"line":50,"column":26},"end":{"line":67,"column":5}}},"8":{"name":"(anonymous_8)","decl":{"start":{"line":51,"column":34},"end":{"line":51,"column":35}},"loc":{"start":{"line":51,"column":44},"end":{"line":66,"column":7}}},"9":{"name":"logout","decl":{"start":{"line":71,"column":16},"end":{"line":71,"column":22}},"loc":{"start":{"line":71,"column":25},"end":{"line":77,"column":1}}},"10":{"name":"forgotPassword","decl":{"start":{"line":79,"column":16},"end":{"line":79,"column":30}},"loc":{"start":{"line":79,"column":38},"end":{"line":106,"column":1}}},"11":{"name":"(anonymous_11)","decl":{"start":{"line":80,"column":9},"end":{"line":80,"column":10}},"loc":{"start":{"line":80,"column":23},"end":{"line":105,"column":3}}},"12":{"name":"(anonymous_12)","decl":{"start":{"line":88,"column":12},"end":{"line":88,"column":13}},"loc":{"start":{"line":88,"column":26},"end":{"line":104,"column":5}}},"13":{"name":"(anonymous_13)","decl":{"start":{"line":90,"column":36},"end":{"line":90,"column":37}},"loc":{"start":{"line":90,"column":46},"end":{"line":95,"column":9}}},"14":{"name":"(anonymous_14)","decl":{"start":{"line":97,"column":36},"end":{"line":97,"column":37}},"loc":{"start":{"line":97,"column":46},"end":{"line":102,"column":9}}},"15":{"name":"resetPassword","decl":{"start":{"line":108,"column":16},"end":{"line":108,"column":29}},"loc":{"start":{"line":108,"column":60},"end":{"line":139,"column":1}}},"16":{"name":"(anonymous_16)","decl":{"start":{"line":109,"column":9},"end":{"line":109,"column":10}},"loc":{"start":{"line":109,"column":23},"end":{"line":138,"column":3}}},"17":{"name":"(anonymous_17)","decl":{"start":{"line":120,"column":12},"end":{"line":120,"column":13}},"loc":{"start":{"line":120,"column":26},"end":{"line":137,"column":5}}},"18":{"name":"(anonymous_18)","decl":{"start":{"line":122,"column":36},"end":{"line":122,"column":37}},"loc":{"start":{"line":122,"column":46},"end":{"line":128,"column":9}}},"19":{"name":"(anonymous_19)","decl":{"start":{"line":130,"column":36},"end":{"line":130,"column":37}},"loc":{"start":{"line":130,"column":46},"end":{"line":135,"column":9}}},"20":{"name":"updateProfile","decl":{"start":{"line":141,"column":16},"end":{"line":141,"column":29}},"loc":{"start":{"line":141,"column":44},"end":{"line":177,"column":1}}},"21":{"name":"(anonymous_21)","decl":{"start":{"line":142,"column":9},"end":{"line":142,"column":10}},"loc":{"start":{"line":142,"column":23},"end":{"line":176,"column":3}}},"22":{"name":"(anonymous_22)","decl":{"start":{"line":159,"column":12},"end":{"line":159,"column":13}},"loc":{"start":{"line":159,"column":26},"end":{"line":175,"column":5}}},"23":{"name":"(anonymous_23)","decl":{"start":{"line":161,"column":36},"end":{"line":161,"column":37}},"loc":{"start":{"line":161,"column":46},"end":{"line":166,"column":9}}},"24":{"name":"(anonymous_24)","decl":{"start":{"line":168,"column":36},"end":{"line":168,"column":37}},"loc":{"start":{"line":168,"column":46},"end":{"line":173,"column":9}}},"25":{"name":"changePassword","decl":{"start":{"line":179,"column":16},"end":{"line":179,"column":30}},"loc":{"start":{"line":179,"column":57},"end":{"line":212,"column":1}}},"26":{"name":"(anonymous_26)","decl":{"start":{"line":180,"column":9},"end":{"line":180,"column":10}},"loc":{"start":{"line":180,"column":23},"end":{"line":211,"column":3}}},"27":{"name":"(anonymous_27)","decl":{"start":{"line":194,"column":12},"end":{"line":194,"column":13}},"loc":{"start":{"line":194,"column":26},"end":{"line":210,"column":5}}},"28":{"name":"(anonymous_28)","decl":{"start":{"line":196,"column":36},"end":{"line":196,"column":37}},"loc":{"start":{"line":196,"column":46},"end":{"line":201,"column":9}}},"29":{"name":"(anonymous_29)","decl":{"start":{"line":203,"column":36},"end":{"line":203,"column":37}},"loc":{"start":{"line":203,"column":46},"end":{"line":208,"column":9}}},"30":{"name":"deleteAccount","decl":{"start":{"line":214,"column":16},"end":{"line":214,"column":29}},"loc":{"start":{"line":214,"column":37},"end":{"line":236,"column":1}}},"31":{"name":"(anonymous_31)","decl":{"start":{"line":215,"column":9},"end":{"line":215,"column":10}},"loc":{"start":{"line":215,"column":23},"end":{"line":235,"column":3}}},"32":{"name":"(anonymous_32)","decl":{"start":{"line":224,"column":12},"end":{"line":224,"column":13}},"loc":{"start":{"line":224,"column":26},"end":{"line":234,"column":5}}},"33":{"name":"(anonymous_33)","decl":{"start":{"line":226,"column":36},"end":{"line":226,"column":37}},"loc":{"start":{"line":226,"column":46},"end":{"line":232,"column":9}}}},"branchMap":{"0":{"loc":{"start":{"line":19,"column":6},"end":{"line":36,"column":7}},"type":"if","locations":[{"start":{"line":19,"column":6},"end":{"line":36,"column":7}},{"start":{"line":19,"column":6},"end":{"line":36,"column":7}}]},"1":{"loc":{"start":{"line":33,"column":22},"end":{"line":33,"column":57}},"type":"cond-expr","locations":[{"start":{"line":33,"column":44},"end":{"line":33,"column":48}},{"start":{"line":33,"column":51},"end":{"line":33,"column":57}}]},"2":{"loc":{"start":{"line":52,"column":8},"end":{"line":65,"column":9}},"type":"if","locations":[{"start":{"line":52,"column":8},"end":{"line":65,"column":9}},{"start":{"line":52,"column":8},"end":{"line":65,"column":9}}]},"3":{"loc":{"start":{"line":63,"column":22},"end":{"line":63,"column":57}},"type":"cond-expr","locations":[{"start":{"line":63,"column":44},"end":{"line":63,"column":48}},{"start":{"line":63,"column":51},"end":{"line":63,"column":57}}]},"4":{"loc":{"start":{"line":89,"column":6},"end":{"line":103,"column":7}},"type":"if","locations":[{"start":{"line":89,"column":6},"end":{"line":103,"column":7}},{"start":{"line":89,"column":6},"end":{"line":103,"column":7}}]},"5":{"loc":{"start":{"line":100,"column":22},"end":{"line":100,"column":57}},"type":"cond-expr","locations":[{"start":{"line":100,"column":44},"end":{"line":100,"column":48}},{"start":{"line":100,"column":51},"end":{"line":100,"column":57}}]},"6":{"loc":{"start":{"line":121,"column":6},"end":{"line":136,"column":7}},"type":"if","locations":[{"start":{"line":121,"column":6},"end":{"line":136,"column":7}},{"start":{"line":121,"column":6},"end":{"line":136,"column":7}}]},"7":{"loc":{"start":{"line":133,"column":22},"end":{"line":133,"column":57}},"type":"cond-expr","locations":[{"start":{"line":133,"column":44},"end":{"line":133,"column":48}},{"start":{"line":133,"column":51},"end":{"line":133,"column":57}}]},"8":{"loc":{"start":{"line":160,"column":6},"end":{"line":174,"column":7}},"type":"if","locations":[{"start":{"line":160,"column":6},"end":{"line":174,"column":7}},{"start":{"line":160,"column":6},"end":{"line":174,"column":7}}]},"9":{"loc":{"start":{"line":171,"column":22},"end":{"line":171,"column":57}},"type":"cond-expr","locations":[{"start":{"line":171,"column":44},"end":{"line":171,"column":48}},{"start":{"line":171,"column":51},"end":{"line":171,"column":57}}]},"10":{"loc":{"start":{"line":195,"column":6},"end":{"line":209,"column":7}},"type":"if","locations":[{"start":{"line":195,"column":6},"end":{"line":209,"column":7}},{"start":{"line":195,"column":6},"end":{"line":209,"column":7}}]},"11":{"loc":{"start":{"line":206,"column":22},"end":{"line":206,"column":57}},"type":"cond-expr","locations":[{"start":{"line":206,"column":44},"end":{"line":206,"column":48}},{"start":{"line":206,"column":51},"end":{"line":206,"column":57}}]},"12":{"loc":{"start":{"line":225,"column":6},"end":{"line":233,"column":7}},"type":"if","locations":[{"start":{"line":225,"column":6},"end":{"line":233,"column":7}},{"start":{"line":225,"column":6},"end":{"line":233,"column":7}}]}},"s":{"0":0,"1":0,"2":0,"3":0,"4":0,"5":0,"6":0,"7":0,"8":0,"9":0,"10":0,"11":0,"12":0,"13":0,"14":0,"15":0,"16":0,"17":0,"18":0,"19":0,"20":0,"21":0,"22":0,"23":0,"24":0,"25":0,"26":0,"27":0,"28":0,"29":0,"30":0,"31":0,"32":0,"33":0,"34":0,"35":0,"36":0,"37":0,"38":0,"39":0,"40":0,"41":0,"42":0,"43":0,"44":0,"45":0,"46":0,"47":0,"48":0,"49":0,"50":0,"51":0,"52":0,"53":0,"54":0,"55":0,"56":0,"57":0,"58":0,"59":0,"60":0,"61":0},"f":{"0":0,"1":0,"2":0,"3":0,"4":0,"5":0,"6":0,"7":0,"8":0,"9":0,"10":0,"11":0,"12":0,"13":0,"14":0,"15":0,"16":0,"17":0,"18":0,"19":0,"20":0,"21":0,"22":0,"23":0,"24":0,"25":0,"26":0,"27":0,"28":0,"29":0,"30":0,"31":0,"32":0,"33":0},"b":{"0":[0,0],"1":[0,0],"2":[0,0],"3":[0,0],"4":[0,0],"5":[0,0],"6":[0,0],"7":[0,0],"8":[0,0],"9":[0,0],"10":[0,0],"11":[0,0],"12":[0,0]},"hash":"2fb885fcf728df0428c30dbe2bc8eb61745bbeed"}
,"C:\Users\nxp86281\Documents\Cours\picshape\front\src\actions\upload.js": {"path":"C:\\Users\\nxp86281\\Documents\\Cours\\picshape\\front\\src\\actions\\upload.js","statementMap":{"0":{"start":{"line":4,"column":4},"end":{"line":29,"column":6}},"1":{"start":{"line":5,"column":8},"end":{"line":7,"column":11}},"2":{"start":{"line":10,"column":8},"end":{"line":10,"column":28}},"3":{"start":{"line":12,"column":23},"end":{"line":12,"column":37}},"4":{"start":{"line":13,"column":8},"end":{"line":13,"column":39}},"5":{"start":{"line":14,"column":8},"end":{"line":14,"column":45}},"6":{"start":{"line":15,"column":8},"end":{"line":15,"column":45}},"7":{"start":{"line":17,"column":8},"end":{"line":28,"column":11}},"8":{"start":{"line":22,"column":12},"end":{"line":25,"column":15}},"9":{"start":{"line":27,"column":12},"end":{"line":27,"column":29}}},"fnMap":{"0":{"name":"convertFile","decl":{"start":{"line":3,"column":16},"end":{"line":3,"column":27}},"loc":{"start":{"line":3,"column":49},"end":{"line":31,"column":1}}},"1":{"name":"(anonymous_1)","decl":{"start":{"line":4,"column":11},"end":{"line":4,"column":12}},"loc":{"start":{"line":4,"column":25},"end":{"line":29,"column":5}}},"2":{"name":"(anonymous_2)","decl":{"start":{"line":21,"column":14},"end":{"line":21,"column":15}},"loc":{"start":{"line":21,"column":23},"end":{"line":26,"column":9}}},"3":{"name":"(anonymous_3)","decl":{"start":{"line":26,"column":11},"end":{"line":26,"column":12}},"loc":{"start":{"line":26,"column":20},"end":{"line":28,"column":9}}}},"branchMap":{},"s":{"0":0,"1":0,"2":0,"3":0,"4":0,"5":0,"6":0,"7":0,"8":0,"9":0},"f":{"0":0,"1":0,"2":0,"3":0},"b":{},"hash":"523627ca02fa008413348327f46b0465999f3e10"}
,"C:\Users\nxp86281\Documents\Cours\picshape\front\src\components\About\About.js": {"path":"C:\\Users\\nxp86281\\Documents\\Cours\\picshape\\front\\src\\components\\About\\About.js","statementMap":{"0":{"start":{"line":10,"column":6},"end":{"line":10,"column":19}},"1":{"start":{"line":11,"column":6},"end":{"line":13,"column":5}},"2":{"start":{"line":17,"column":6},"end":{"line":26,"column":7}},"3":{"start":{"line":19,"column":10},"end":{"line":19,"column":69}},"4":{"start":{"line":20,"column":10},"end":{"line":20,"column":44}},"5":{"start":{"line":24,"column":10},"end":{"line":24,"column":64}},"6":{"start":{"line":25,"column":10},"end":{"line":25,"column":43}},"7":{"start":{"line":30,"column":4},"end":{"line":112,"column":6}}},"fnMap":{"0":{"name":"(anonymous_0)","decl":{"start":{"line":9,"column":2},"end":{"line":9,"column":3}},"loc":{"start":{"line":9,"column":21},"end":{"line":14,"column":3}}},"1":{"name":"(anonymous_1)","decl":{"start":{"line":16,"column":2},"end":{"line":16,"column":3}},"loc":{"start":{"line":16,"column":22},"end":{"line":27,"column":3}}},"2":{"name":"(anonymous_2)","decl":{"start":{"line":29,"column":0},"end":{"line":29,"column":1}},"loc":{"start":{"line":29,"column":9},"end":{"line":113,"column":3}}}},"branchMap":{"0":{"loc":{"start":{"line":17,"column":6},"end":{"line":26,"column":7}},"type":"if","locations":[{"start":{"line":17,"column":6},"end":{"line":26,"column":7}},{"start":{"line":17,"column":6},"end":{"line":26,"column":7}}]}},"s":{"0":1,"1":1,"2":0,"3":0,"4":0,"5":0,"6":0,"7":1},"f":{"0":1,"1":0,"2":1},"b":{"0":[0,0]},"hash":"58dc6ecee8810eef5fecad171fbf09123ba3cd66"}
,"C:\Users\nxp86281\Documents\Cours\picshape\front\src\components\Account\Forgot.js": {"path":"C:\\Users\\nxp86281\\Documents\\Cours\\picshape\\front\\src\\components\\Account\\Forgot.js","statementMap":{"0":{"start":{"line":7,"column":4},"end":{"line":7,"column":17}},"1":{"start":{"line":8,"column":4},"end":{"line":8,"column":31}},"2":{"start":{"line":12,"column":4},"end":{"line":12,"column":63}},"3":{"start":{"line":16,"column":4},"end":{"line":16,"column":27}},"4":{"start":{"line":17,"column":4},"end":{"line":17,"column":58}},"5":{"start":{"line":21,"column":4},"end":{"line":34,"column":6}},"6":{"start":{"line":38,"column":24},"end":{"line":42,"column":1}},"7":{"start":{"line":39,"column":2},"end":{"line":41,"column":4}}},"fnMap":{"0":{"name":"(anonymous_0)","decl":{"start":{"line":6,"column":2},"end":{"line":6,"column":3}},"loc":{"start":{"line":6,"column":21},"end":{"line":9,"column":3}}},"1":{"name":"(anonymous_1)","decl":{"start":{"line":11,"column":2},"end":{"line":11,"column":3}},"loc":{"start":{"line":11,"column":22},"end":{"line":13,"column":3}}},"2":{"name":"(anonymous_2)","decl":{"start":{"line":15,"column":2},"end":{"line":15,"column":3}},"loc":{"start":{"line":15,"column":22},"end":{"line":18,"column":3}}},"3":{"name":"(anonymous_3)","decl":{"start":{"line":20,"column":2},"end":{"line":20,"column":3}},"loc":{"start":{"line":20,"column":11},"end":{"line":35,"column":3}}},"4":{"name":"(anonymous_4)","decl":{"start":{"line":38,"column":24},"end":{"line":38,"column":25}},"loc":{"start":{"line":38,"column":35},"end":{"line":42,"column":1}}}},"branchMap":{},"s":{"0":1,"1":1,"2":0,"3":0,"4":0,"5":1,"6":1,"7":0},"f":{"0":1,"1":0,"2":0,"3":1,"4":0},"b":{},"hash":"2f9fb1ee3a27434cbef950254b1f33e5aa43dc20"}
,"C:\Users\nxp86281\Documents\Cours\picshape\front\src\components\Account\Login.js": {"path":"C:\\Users\\nxp86281\\Documents\\Cours\\picshape\\front\\src\\components\\Account\\Login.js","statementMap":{"0":{"start":{"line":8,"column":4},"end":{"line":8,"column":17}},"1":{"start":{"line":9,"column":4},"end":{"line":9,"column":45}},"2":{"start":{"line":13,"column":6},"end":{"line":13,"column":65}},"3":{"start":{"line":17,"column":4},"end":{"line":17,"column":27}},"4":{"start":{"line":18,"column":4},"end":{"line":18,"column":70}},"5":{"start":{"line":22,"column":4},"end":{"line":44,"column":6}},"6":{"start":{"line":48,"column":24},"end":{"line":52,"column":1}},"7":{"start":{"line":49,"column":2},"end":{"line":51,"column":4}}},"fnMap":{"0":{"name":"(anonymous_0)","decl":{"start":{"line":7,"column":2},"end":{"line":7,"column":3}},"loc":{"start":{"line":7,"column":21},"end":{"line":10,"column":3}}},"1":{"name":"(anonymous_1)","decl":{"start":{"line":12,"column":2},"end":{"line":12,"column":3}},"loc":{"start":{"line":12,"column":22},"end":{"line":14,"column":3}}},"2":{"name":"(anonymous_2)","decl":{"start":{"line":16,"column":2},"end":{"line":16,"column":3}},"loc":{"start":{"line":16,"column":21},"end":{"line":19,"column":3}}},"3":{"name":"(anonymous_3)","decl":{"start":{"line":21,"column":2},"end":{"line":21,"column":3}},"loc":{"start":{"line":21,"column":11},"end":{"line":45,"column":3}}},"4":{"name":"(anonymous_4)","decl":{"start":{"line":48,"column":24},"end":{"line":48,"column":25}},"loc":{"start":{"line":48,"column":35},"end":{"line":52,"column":1}}}},"branchMap":{},"s":{"0":1,"1":1,"2":0,"3":0,"4":0,"5":1,"6":1,"7":0},"f":{"0":1,"1":0,"2":0,"3":1,"4":0},"b":{},"hash":"89f58b902e4d4f5c4a227cfd46c7e74b5a12ca3d"}
,"C:\Users\nxp86281\Documents\Cours\picshape\front\src\components\Account\Profile.js": {"path":"C:\\Users\\nxp86281\\Documents\\Cours\\picshape\\front\\src\\components\\Account\\Profile.js","statementMap":{"0":{"start":{"line":7,"column":4},"end":{"line":7,"column":17}},"1":{"start":{"line":8,"column":4},"end":{"line":17,"column":6}},"2":{"start":{"line":21,"column":4},"end":{"line":21,"column":63}},"3":{"start":{"line":25,"column":4},"end":{"line":25,"column":27}},"4":{"start":{"line":26,"column":4},"end":{"line":26,"column":69}},"5":{"start":{"line":30,"column":4},"end":{"line":30,"column":27}},"6":{"start":{"line":31,"column":4},"end":{"line":31,"column":99}},"7":{"start":{"line":35,"column":4},"end":{"line":35,"column":27}},"8":{"start":{"line":36,"column":4},"end":{"line":36,"column":57}},"9":{"start":{"line":42,"column":4},"end":{"line":129,"column":6}},"10":{"start":{"line":133,"column":24},"end":{"line":139,"column":1}},"11":{"start":{"line":134,"column":2},"end":{"line":138,"column":4}}},"fnMap":{"0":{"name":"(anonymous_0)","decl":{"start":{"line":6,"column":2},"end":{"line":6,"column":3}},"loc":{"start":{"line":6,"column":21},"end":{"line":18,"column":3}}},"1":{"name":"(anonymous_1)","decl":{"start":{"line":20,"column":2},"end":{"line":20,"column":3}},"loc":{"start":{"line":20,"column":22},"end":{"line":22,"column":3}}},"2":{"name":"(anonymous_2)","decl":{"start":{"line":24,"column":2},"end":{"line":24,"column":3}},"loc":{"start":{"line":24,"column":29},"end":{"line":27,"column":3}}},"3":{"name":"(anonymous_3)","decl":{"start":{"line":29,"column":2},"end":{"line":29,"column":3}},"loc":{"start":{"line":29,"column":30},"end":{"line":32,"column":3}}},"4":{"name":"(anonymous_4)","decl":{"start":{"line":34,"column":2},"end":{"line":34,"column":3}},"loc":{"start":{"line":34,"column":29},"end":{"line":37,"column":3}}},"5":{"name":"(anonymous_5)","decl":{"start":{"line":40,"column":2},"end":{"line":40,"column":3}},"loc":{"start":{"line":40,"column":11},"end":{"line":130,"column":3}}},"6":{"name":"(anonymous_6)","decl":{"start":{"line":133,"column":24},"end":{"line":133,"column":25}},"loc":{"start":{"line":133,"column":35},"end":{"line":139,"column":1}}}},"branchMap":{},"s":{"0":1,"1":1,"2":0,"3":0,"4":0,"5":0,"6":0,"7":0,"8":0,"9":0,"10":1,"11":0},"f":{"0":1,"1":0,"2":0,"3":0,"4":0,"5":0,"6":0},"b":{},"hash":"bb6c27fcc709a304281f05e51e83809b987974b1"}
,"C:\Users\nxp86281\Documents\Cours\picshape\front\src\components\Account\Reset.js": {"path":"C:\\Users\\nxp86281\\Documents\\Cours\\picshape\\front\\src\\components\\Account\\Reset.js","statementMap":{"0":{"start":{"line":7,"column":4},"end":{"line":7,"column":17}},"1":{"start":{"line":8,"column":4},"end":{"line":8,"column":47}},"2":{"start":{"line":12,"column":4},"end":{"line":12,"column":63}},"3":{"start":{"line":16,"column":4},"end":{"line":16,"column":27}},"4":{"start":{"line":17,"column":4},"end":{"line":17,"column":105}},"5":{"start":{"line":21,"column":4},"end":{"line":41,"column":6}},"6":{"start":{"line":45,"column":24},"end":{"line":47,"column":1}},"7":{"start":{"line":46,"column":2},"end":{"line":46,"column":15}}},"fnMap":{"0":{"name":"(anonymous_0)","decl":{"start":{"line":6,"column":2},"end":{"line":6,"column":3}},"loc":{"start":{"line":6,"column":21},"end":{"line":9,"column":3}}},"1":{"name":"(anonymous_1)","decl":{"start":{"line":11,"column":2},"end":{"line":11,"column":3}},"loc":{"start":{"line":11,"column":22},"end":{"line":13,"column":3}}},"2":{"name":"(anonymous_2)","decl":{"start":{"line":15,"column":2},"end":{"line":15,"column":3}},"loc":{"start":{"line":15,"column":21},"end":{"line":18,"column":3}}},"3":{"name":"(anonymous_3)","decl":{"start":{"line":20,"column":2},"end":{"line":20,"column":3}},"loc":{"start":{"line":20,"column":11},"end":{"line":42,"column":3}}},"4":{"name":"(anonymous_4)","decl":{"start":{"line":45,"column":24},"end":{"line":45,"column":25}},"loc":{"start":{"line":45,"column":35},"end":{"line":47,"column":1}}}},"branchMap":{},"s":{"0":1,"1":1,"2":0,"3":0,"4":0,"5":1,"6":1,"7":0},"f":{"0":1,"1":0,"2":0,"3":1,"4":0},"b":{},"hash":"b187617e4078f1379d105722406d73e399132a88"}
,"C:\Users\nxp86281\Documents\Cours\picshape\front\src\components\Account\Signup.js": {"path":"C:\\Users\\nxp86281\\Documents\\Cours\\picshape\\front\\src\\components\\Account\\Signup.js","statementMap":{"0":{"start":{"line":8,"column":4},"end":{"line":8,"column":17}},"1":{"start":{"line":9,"column":4},"end":{"line":9,"column":55}},"2":{"start":{"line":13,"column":4},"end":{"line":13,"column":63}},"3":{"start":{"line":17,"column":4},"end":{"line":17,"column":27}},"4":{"start":{"line":18,"column":4},"end":{"line":18,"column":88}},"5":{"start":{"line":23,"column":4},"end":{"line":51,"column":6}},"6":{"start":{"line":55,"column":24},"end":{"line":59,"column":1}},"7":{"start":{"line":56,"column":2},"end":{"line":58,"column":4}}},"fnMap":{"0":{"name":"(anonymous_0)","decl":{"start":{"line":7,"column":2},"end":{"line":7,"column":3}},"loc":{"start":{"line":7,"column":21},"end":{"line":10,"column":3}}},"1":{"name":"(anonymous_1)","decl":{"start":{"line":12,"column":2},"end":{"line":12,"column":3}},"loc":{"start":{"line":12,"column":22},"end":{"line":14,"column":3}}},"2":{"name":"(anonymous_2)","decl":{"start":{"line":16,"column":2},"end":{"line":16,"column":3}},"loc":{"start":{"line":16,"column":22},"end":{"line":19,"column":3}}},"3":{"name":"(anonymous_3)","decl":{"start":{"line":22,"column":2},"end":{"line":22,"column":3}},"loc":{"start":{"line":22,"column":11},"end":{"line":52,"column":3}}},"4":{"name":"(anonymous_4)","decl":{"start":{"line":55,"column":24},"end":{"line":55,"column":25}},"loc":{"start":{"line":55,"column":35},"end":{"line":59,"column":1}}}},"branchMap":{},"s":{"0":1,"1":1,"2":0,"3":0,"4":0,"5":1,"6":1,"7":0},"f":{"0":1,"1":0,"2":0,"3":1,"4":0},"b":{},"hash":"91409cca742404d0d7188cf12128428ee74202b9"}
,"C:\Users\nxp86281\Documents\Cours\picshape\front\src\components\App\App.js": {"path":"C:\\Users\\nxp86281\\Documents\\Cours\\picshape\\front\\src\\components\\App\\App.js","statementMap":{"0":{"start":{"line":12,"column":4},"end":{"line":22,"column":6}},"1":{"start":{"line":26,"column":24},"end":{"line":30,"column":1}},"2":{"start":{"line":27,"column":2},"end":{"line":29,"column":4}}},"fnMap":{"0":{"name":"(anonymous_0)","decl":{"start":{"line":11,"column":2},"end":{"line":11,"column":3}},"loc":{"start":{"line":11,"column":11},"end":{"line":23,"column":1}}},"1":{"name":"(anonymous_1)","decl":{"start":{"line":26,"column":24},"end":{"line":26,"column":25}},"loc":{"start":{"line":26,"column":35},"end":{"line":30,"column":1}}}},"branchMap":{},"s":{"0":1,"1":1,"2":0},"f":{"0":1,"1":0},"b":{},"hash":"55b4ab7ebc98694569e1355e934e886f2998e391"}
,"C:\Users\nxp86281\Documents\Cours\picshape\front\src\components\Footer\Footer.js": {"path":"C:\\Users\\nxp86281\\Documents\\Cours\\picshape\\front\\src\\components\\Footer\\Footer.js","statementMap":{"0":{"start":{"line":7,"column":6},"end":{"line":12,"column":8}}},"fnMap":{"0":{"name":"(anonymous_0)","decl":{"start":{"line":6,"column":4},"end":{"line":6,"column":5}},"loc":{"start":{"line":6,"column":13},"end":{"line":13,"column":5}}}},"branchMap":{},"s":{"0":1},"f":{"0":1},"b":{},"hash":"5179698ef2c2880fbfb0a652c36bc43f2b2bedd3"}
,"C:\Users\nxp86281\Documents\Cours\picshape\front\src\components\Header\Header.js": {"path":"C:\\Users\\nxp86281\\Documents\\Cours\\picshape\\front\\src\\components\\Header\\Header.js","statementMap":{"0":{"start":{"line":11,"column":6},"end":{"line":11,"column":29}},"1":{"start":{"line":12,"column":6},"end":{"line":12,"column":36}},"2":{"start":{"line":16,"column":23},"end":{"line":16,"column":55}},"3":{"start":{"line":18,"column":36},"end":{"line":21,"column":9}},"4":{"start":{"line":23,"column":34},"end":{"line":26,"column":9}},"5":{"start":{"line":28,"column":6},"end":{"line":41,"column":8}},"6":{"start":{"line":45,"column":24},"end":{"line":50,"column":1}},"7":{"start":{"line":46,"column":2},"end":{"line":49,"column":4}}},"fnMap":{"0":{"name":"(anonymous_0)","decl":{"start":{"line":10,"column":4},"end":{"line":10,"column":5}},"loc":{"start":{"line":10,"column":24},"end":{"line":13,"column":5}}},"1":{"name":"(anonymous_1)","decl":{"start":{"line":15,"column":4},"end":{"line":15,"column":5}},"loc":{"start":{"line":15,"column":13},"end":{"line":42,"column":5}}},"2":{"name":"(anonymous_2)","decl":{"start":{"line":45,"column":24},"end":{"line":45,"column":25}},"loc":{"start":{"line":45,"column":35},"end":{"line":50,"column":1}}}},"branchMap":{"0":{"loc":{"start":{"line":36,"column":18},"end":{"line":36,"column":74}},"type":"cond-expr","locations":[{"start":{"line":36,"column":37},"end":{"line":36,"column":53}},{"start":{"line":36,"column":56},"end":{"line":36,"column":74}}]}},"s":{"0":0,"1":0,"2":1,"3":1,"4":1,"5":1,"6":2,"7":0},"f":{"0":0,"1":1,"2":0},"b":{"0":[0,1]},"hash":"28ee0b94b7c2dea9bc2d682ad5f437e433f69255"}
,"C:\Users\nxp86281\Documents\Cours\picshape\front\src\components\Home\Home.js": {"path":"C:\\Users\\nxp86281\\Documents\\Cours\\picshape\\front\\src\\components\\Home\\Home.js","statementMap":{"0":{"start":{"line":8,"column":6},"end":{"line":8,"column":19}},"1":{"start":{"line":9,"column":6},"end":{"line":10,"column":5}},"2":{"start":{"line":14,"column":6},"end":{"line":20,"column":8}}},"fnMap":{"0":{"name":"(anonymous_0)","decl":{"start":{"line":7,"column":2},"end":{"line":7,"column":3}},"loc":{"start":{"line":7,"column":21},"end":{"line":11,"column":3}}},"1":{"name":"(anonymous_1)","decl":{"start":{"line":13,"column":2},"end":{"line":13,"column":3}},"loc":{"start":{"line":13,"column":11},"end":{"line":21,"column":3}}}},"branchMap":{},"s":{"0":1,"1":1,"2":1},"f":{"0":1,"1":1},"b":{},"hash":"56769556a128310194803e391bad679265852fb0"}
,"C:\Users\nxp86281\Documents\Cours\picshape\front\src\components\Messages\Messages.js": {"path":"C:\\Users\\nxp86281\\Documents\\Cours\\picshape\\front\\src\\components\\Messages\\Messages.js","statementMap":{"0":{"start":{"line":5,"column":4},"end":{"line":25,"column":13}},"1":{"start":{"line":9,"column":61},"end":{"line":9,"column":97}},"2":{"start":{"line":16,"column":59},"end":{"line":16,"column":95}},"3":{"start":{"line":23,"column":58},"end":{"line":23,"column":94}}},"fnMap":{"0":{"name":"(anonymous_0)","decl":{"start":{"line":4,"column":2},"end":{"line":4,"column":3}},"loc":{"start":{"line":4,"column":11},"end":{"line":26,"column":3}}},"1":{"name":"(anonymous_1)","decl":{"start":{"line":9,"column":41},"end":{"line":9,"column":42}},"loc":{"start":{"line":9,"column":61},"end":{"line":9,"column":97}}},"2":{"name":"(anonymous_2)","decl":{"start":{"line":16,"column":39},"end":{"line":16,"column":40}},"loc":{"start":{"line":16,"column":59},"end":{"line":16,"column":95}}},"3":{"name":"(anonymous_3)","decl":{"start":{"line":23,"column":38},"end":{"line":23,"column":39}},"loc":{"start":{"line":23,"column":58},"end":{"line":23,"column":94}}}},"branchMap":{"0":{"loc":{"start":{"line":5,"column":11},"end":{"line":25,"column":12}},"type":"cond-expr","locations":[{"start":{"line":6,"column":6},"end":{"line":10,"column":12}},{"start":{"line":11,"column":8},"end":{"line":25,"column":12}}]},"1":{"loc":{"start":{"line":11,"column":8},"end":{"line":25,"column":12}},"type":"cond-expr","locations":[{"start":{"line":12,"column":6},"end":{"line":17,"column":12}},{"start":{"line":18,"column":8},"end":{"line":25,"column":12}}]},"2":{"loc":{"start":{"line":18,"column":8},"end":{"line":25,"column":12}},"type":"cond-expr","locations":[{"start":{"line":19,"column":6},"end":{"line":24,"column":12}},{"start":{"line":25,"column":8},"end":{"line":25,"column":12}}]}},"s":{"0":1,"1":0,"2":0,"3":0},"f":{"0":1,"1":0,"2":0,"3":0},"b":{"0":[0,0],"1":[0,0],"2":[0,0]},"hash":"4b82532e205dd132dcae29fb9e696680aec5ecc5"}
,"C:\Users\nxp86281\Documents\Cours\picshape\front\src\components\NotFound\NotFound.js": {"path":"C:\\Users\\nxp86281\\Documents\\Cours\\picshape\\front\\src\\components\\NotFound\\NotFound.js","statementMap":{"0":{"start":{"line":3,"column":24},"end":{"line":10,"column":1}},"1":{"start":{"line":4,"column":2},"end":{"line":9,"column":4}}},"fnMap":{"0":{"name":"(anonymous_0)","decl":{"start":{"line":3,"column":24},"end":{"line":3,"column":25}},"loc":{"start":{"line":3,"column":35},"end":{"line":10,"column":1}}}},"branchMap":{},"s":{"0":1,"1":1},"f":{"0":1},"b":{},"hash":"fbf9ca556c6d4715fcc924c9f60e8e8c2ddbf1bd"}
,"C:\Users\nxp86281\Documents\Cours\picshape\front\src\components\Upload\Upload.js": {"path":"C:\\Users\\nxp86281\\Documents\\Cours\\picshape\\front\\src\\components\\Upload\\Upload.js","statementMap":{"0":{"start":{"line":15,"column":8},"end":{"line":15,"column":21}},"1":{"start":{"line":16,"column":8},"end":{"line":19,"column":9}},"2":{"start":{"line":23,"column":10},"end":{"line":23,"column":44}},"3":{"start":{"line":24,"column":10},"end":{"line":24,"column":33}},"4":{"start":{"line":26,"column":23},"end":{"line":26,"column":39}},"5":{"start":{"line":27,"column":21},"end":{"line":27,"column":42}},"6":{"start":{"line":29,"column":10},"end":{"line":36,"column":10}},"7":{"start":{"line":30,"column":14},"end":{"line":30,"column":41}},"8":{"start":{"line":31,"column":14},"end":{"line":35,"column":15}},"9":{"start":{"line":37,"column":10},"end":{"line":37,"column":36}},"10":{"start":{"line":42,"column":8},"end":{"line":47,"column":9}},"11":{"start":{"line":43,"column":12},"end":{"line":43,"column":77}},"12":{"start":{"line":46,"column":12},"end":{"line":46,"column":86}},"13":{"start":{"line":51,"column":8},"end":{"line":51,"column":31}},"14":{"start":{"line":53,"column":20},"end":{"line":53,"column":67}},"15":{"start":{"line":54,"column":19},"end":{"line":54,"column":56}},"16":{"start":{"line":55,"column":19},"end":{"line":55,"column":56}},"17":{"start":{"line":57,"column":8},"end":{"line":59,"column":9}},"18":{"start":{"line":58,"column":12},"end":{"line":58,"column":99}},"19":{"start":{"line":64,"column":24},"end":{"line":76,"column":13}},"20":{"start":{"line":80,"column":7},"end":{"line":80,"column":85}},"21":{"start":{"line":86,"column":4},"end":{"line":126,"column":6}},"22":{"start":{"line":130,"column":24},"end":{"line":137,"column":1}},"23":{"start":{"line":131,"column":2},"end":{"line":136,"column":4}}},"fnMap":{"0":{"name":"(anonymous_0)","decl":{"start":{"line":14,"column":4},"end":{"line":14,"column":5}},"loc":{"start":{"line":14,"column":23},"end":{"line":20,"column":5}}},"1":{"name":"(anonymous_1)","decl":{"start":{"line":22,"column":4},"end":{"line":22,"column":5}},"loc":{"start":{"line":22,"column":30},"end":{"line":38,"column":5}}},"2":{"name":"(anonymous_2)","decl":{"start":{"line":29,"column":29},"end":{"line":29,"column":30}},"loc":{"start":{"line":29,"column":35},"end":{"line":36,"column":9}}},"3":{"name":"(anonymous_3)","decl":{"start":{"line":40,"column":4},"end":{"line":40,"column":5}},"loc":{"start":{"line":40,"column":24},"end":{"line":48,"column":5}}},"4":{"name":"(anonymous_4)","decl":{"start":{"line":50,"column":4},"end":{"line":50,"column":5}},"loc":{"start":{"line":50,"column":19},"end":{"line":61,"column":1}}},"5":{"name":"(anonymous_5)","decl":{"start":{"line":63,"column":2},"end":{"line":63,"column":3}},"loc":{"start":{"line":63,"column":11},"end":{"line":127,"column":3}}},"6":{"name":"(anonymous_6)","decl":{"start":{"line":130,"column":24},"end":{"line":130,"column":25}},"loc":{"start":{"line":130,"column":35},"end":{"line":137,"column":1}}}},"branchMap":{"0":{"loc":{"start":{"line":42,"column":8},"end":{"line":47,"column":9}},"type":"if","locations":[{"start":{"line":42,"column":8},"end":{"line":47,"column":9}},{"start":{"line":42,"column":8},"end":{"line":47,"column":9}}]},"1":{"loc":{"start":{"line":57,"column":8},"end":{"line":59,"column":9}},"type":"if","locations":[{"start":{"line":57,"column":8},"end":{"line":59,"column":9}},{"start":{"line":57,"column":8},"end":{"line":59,"column":9}}]},"2":{"loc":{"start":{"line":57,"column":12},"end":{"line":57,"column":63}},"type":"binary-expr","locations":[{"start":{"line":57,"column":12},"end":{"line":57,"column":35}},{"start":{"line":57,"column":39},"end":{"line":57,"column":63}}]},"3":{"loc":{"start":{"line":64,"column":24},"end":{"line":76,"column":13}},"type":"cond-expr","locations":[{"start":{"line":65,"column":17},"end":{"line":67,"column":21}},{"start":{"line":69,"column":13},"end":{"line":75,"column":20}}]}},"s":{"0":1,"1":1,"2":0,"3":0,"4":0,"5":0,"6":0,"7":0,"8":0,"9":0,"10":0,"11":0,"12":0,"13":0,"14":0,"15":0,"16":0,"17":0,"18":0,"19":1,"20":1,"21":1,"22":1,"23":0},"f":{"0":1,"1":0,"2":0,"3":0,"4":0,"5":1,"6":0},"b":{"0":[0,0],"1":[0,0],"2":[0,0],"3":[1,0]},"hash":"98dda1820c752dcbbc8b8783efc3a6a2f080a134"}
}
