TN:
SF:C:\Users\nxp86281\Documents\Cours\picshape\front\src\actions\auth.js
FN:5,login
FN:6,(anonymous_1)
FN:18,(anonymous_2)
FN:20,(anonymous_3)
FN:30,(anonymous_4)
FN:41,signup
FN:42,(anonymous_6)
FN:50,(anonymous_7)
FN:51,(anonymous_8)
FN:71,logout
FN:79,forgotPassword
FN:80,(anonymous_11)
FN:88,(anonymous_12)
FN:90,(anonymous_13)
FN:97,(anonymous_14)
FN:108,resetPassword
FN:109,(anonymous_16)
FN:120,(anonymous_17)
FN:122,(anonymous_18)
FN:130,(anonymous_19)
FN:141,updateProfile
FN:142,(anonymous_21)
FN:159,(anonymous_22)
FN:161,(anonymous_23)
FN:168,(anonymous_24)
FN:179,changePassword
FN:180,(anonymous_26)
FN:194,(anonymous_27)
FN:196,(anonymous_28)
FN:203,(anonymous_29)
FN:214,deleteAccount
FN:215,(anonymous_31)
FN:224,(anonymous_32)
FN:226,(anonymous_33)
FNF:34
FNH:0
FNDA:0,login
FNDA:0,(anonymous_1)
FNDA:0,(anonymous_2)
FNDA:0,(anonymous_3)
FNDA:0,(anonymous_4)
FNDA:0,signup
FNDA:0,(anonymous_6)
FNDA:0,(anonymous_7)
FNDA:0,(anonymous_8)
FNDA:0,logout
FNDA:0,forgotPassword
FNDA:0,(anonymous_11)
FNDA:0,(anonymous_12)
FNDA:0,(anonymous_13)
FNDA:0,(anonymous_14)
FNDA:0,resetPassword
FNDA:0,(anonymous_16)
FNDA:0,(anonymous_17)
FNDA:0,(anonymous_18)
FNDA:0,(anonymous_19)
FNDA:0,updateProfile
FNDA:0,(anonymous_21)
FNDA:0,(anonymous_22)
FNDA:0,(anonymous_23)
FNDA:0,(anonymous_24)
FNDA:0,changePassword
FNDA:0,(anonymous_26)
FNDA:0,(anonymous_27)
FNDA:0,(anonymous_28)
FNDA:0,(anonymous_29)
FNDA:0,deleteAccount
FNDA:0,(anonymous_31)
FNDA:0,(anonymous_32)
FNDA:0,(anonymous_33)
DA:6,0
DA:7,0
DA:11,0
DA:19,0
DA:20,0
DA:21,0
DA:26,0
DA:27,0
DA:30,0
DA:31,0
DA:42,0
DA:43,0
DA:46,0
DA:51,0
DA:52,0
DA:53,0
DA:58,0
DA:59,0
DA:61,0
DA:72,0
DA:73,0
DA:74,0
DA:80,0
DA:81,0
DA:84,0
DA:89,0
DA:90,0
DA:91,0
DA:97,0
DA:98,0
DA:109,0
DA:110,0
DA:113,0
DA:121,0
DA:122,0
DA:123,0
DA:124,0
DA:130,0
DA:131,0
DA:142,0
DA:143,0
DA:146,0
DA:160,0
DA:161,0
DA:162,0
DA:168,0
DA:169,0
DA:180,0
DA:181,0
DA:184,0
DA:195,0
DA:196,0
DA:197,0
DA:203,0
DA:204,0
DA:215,0
DA:216,0
DA:219,0
DA:225,0
DA:226,0
DA:227,0
DA:228,0
LF:62
LH:0
BRDA:19,0,0,0
BRDA:19,0,1,0
BRDA:33,1,0,0
BRDA:33,1,1,0
BRDA:52,2,0,0
BRDA:52,2,1,0
BRDA:63,3,0,0
BRDA:63,3,1,0
BRDA:89,4,0,0
BRDA:89,4,1,0
BRDA:100,5,0,0
BRDA:100,5,1,0
BRDA:121,6,0,0
BRDA:121,6,1,0
BRDA:133,7,0,0
BRDA:133,7,1,0
BRDA:160,8,0,0
BRDA:160,8,1,0
BRDA:171,9,0,0
BRDA:171,9,1,0
BRDA:195,10,0,0
BRDA:195,10,1,0
BRDA:206,11,0,0
BRDA:206,11,1,0
BRDA:225,12,0,0
BRDA:225,12,1,0
BRF:26
BRH:0
end_of_record
TN:
SF:C:\Users\nxp86281\Documents\Cours\picshape\front\src\actions\upload.js
FN:3,convertFile
FN:4,(anonymous_1)
FN:21,(anonymous_2)
FN:26,(anonymous_3)
FNF:4
FNH:0
FNDA:0,convertFile
FNDA:0,(anonymous_1)
FNDA:0,(anonymous_2)
FNDA:0,(anonymous_3)
DA:4,0
DA:5,0
DA:10,0
DA:12,0
DA:13,0
DA:14,0
DA:15,0
DA:17,0
DA:22,0
DA:27,0
LF:10
LH:0
BRF:0
BRH:0
end_of_record
TN:
SF:C:\Users\nxp86281\Documents\Cours\picshape\front\src\components\About\About.js
FN:9,(anonymous_0)
FN:16,(anonymous_1)
FN:29,(anonymous_2)
FNF:3
FNH:2
FNDA:1,(anonymous_0)
FNDA:0,(anonymous_1)
FNDA:1,(anonymous_2)
DA:10,1
DA:11,1
DA:17,0
DA:19,0
DA:20,0
DA:24,0
DA:25,0
DA:30,1
LF:8
LH:3
BRDA:17,0,0,0
BRDA:17,0,1,0
BRF:2
BRH:0
end_of_record
TN:
SF:C:\Users\nxp86281\Documents\Cours\picshape\front\src\components\Account\Forgot.js
FN:6,(anonymous_0)
FN:11,(anonymous_1)
FN:15,(anonymous_2)
FN:20,(anonymous_3)
FN:38,(anonymous_4)
FNF:5
FNH:2
FNDA:1,(anonymous_0)
FNDA:0,(anonymous_1)
FNDA:0,(anonymous_2)
FNDA:1,(anonymous_3)
FNDA:0,(anonymous_4)
DA:7,1
DA:8,1
DA:12,0
DA:16,0
DA:17,0
DA:21,1
DA:38,1
DA:39,0
LF:8
LH:4
BRF:0
BRH:0
end_of_record
TN:
SF:C:\Users\nxp86281\Documents\Cours\picshape\front\src\components\Account\Login.js
FN:7,(anonymous_0)
FN:12,(anonymous_1)
FN:16,(anonymous_2)
FN:21,(anonymous_3)
FN:48,(anonymous_4)
FNF:5
FNH:2
FNDA:1,(anonymous_0)
FNDA:0,(anonymous_1)
FNDA:0,(anonymous_2)
FNDA:1,(anonymous_3)
FNDA:0,(anonymous_4)
DA:8,1
DA:9,1
DA:13,0
DA:17,0
DA:18,0
DA:22,1
DA:48,1
DA:49,0
LF:8
LH:4
BRF:0
BRH:0
end_of_record
TN:
SF:C:\Users\nxp86281\Documents\Cours\picshape\front\src\components\Account\Profile.js
FN:6,(anonymous_0)
FN:20,(anonymous_1)
FN:24,(anonymous_2)
FN:29,(anonymous_3)
FN:34,(anonymous_4)
FN:40,(anonymous_5)
FN:133,(anonymous_6)
FNF:7
FNH:1
FNDA:1,(anonymous_0)
FNDA:0,(anonymous_1)
FNDA:0,(anonymous_2)
FNDA:0,(anonymous_3)
FNDA:0,(anonymous_4)
FNDA:0,(anonymous_5)
FNDA:0,(anonymous_6)
DA:7,1
DA:8,1
DA:21,0
DA:25,0
DA:26,0
DA:30,0
DA:31,0
DA:35,0
DA:36,0
DA:42,0
DA:133,1
DA:134,0
LF:12
LH:3
BRF:0
BRH:0
end_of_record
TN:
SF:C:\Users\nxp86281\Documents\Cours\picshape\front\src\components\Account\Reset.js
FN:6,(anonymous_0)
FN:11,(anonymous_1)
FN:15,(anonymous_2)
FN:20,(anonymous_3)
FN:45,(anonymous_4)
FNF:5
FNH:2
FNDA:1,(anonymous_0)
FNDA:0,(anonymous_1)
FNDA:0,(anonymous_2)
FNDA:1,(anonymous_3)
FNDA:0,(anonymous_4)
DA:7,1
DA:8,1
DA:12,0
DA:16,0
DA:17,0
DA:21,1
DA:45,1
DA:46,0
LF:8
LH:4
BRF:0
BRH:0
end_of_record
TN:
SF:C:\Users\nxp86281\Documents\Cours\picshape\front\src\components\Account\Signup.js
FN:7,(anonymous_0)
FN:12,(anonymous_1)
FN:16,(anonymous_2)
FN:22,(anonymous_3)
FN:55,(anonymous_4)
FNF:5
FNH:2
FNDA:1,(anonymous_0)
FNDA:0,(anonymous_1)
FNDA:0,(anonymous_2)
FNDA:1,(anonymous_3)
FNDA:0,(anonymous_4)
DA:8,1
DA:9,1
DA:13,0
DA:17,0
DA:18,0
DA:23,1
DA:55,1
DA:56,0
LF:8
LH:4
BRF:0
BRH:0
end_of_record
TN:
SF:C:\Users\nxp86281\Documents\Cours\picshape\front\src\components\App\App.js
FN:11,(anonymous_0)
FN:26,(anonymous_1)
FNF:2
FNH:1
FNDA:1,(anonymous_0)
FNDA:0,(anonymous_1)
DA:12,1
DA:26,1
DA:27,0
LF:3
LH:2
BRF:0
BRH:0
end_of_record
TN:
SF:C:\Users\nxp86281\Documents\Cours\picshape\front\src\components\Footer\Footer.js
FN:6,(anonymous_0)
FNF:1
FNH:1
FNDA:1,(anonymous_0)
DA:7,1
LF:1
LH:1
BRF:0
BRH:0
end_of_record
TN:
SF:C:\Users\nxp86281\Documents\Cours\picshape\front\src\components\Header\Header.js
FN:10,(anonymous_0)
FN:15,(anonymous_1)
FN:45,(anonymous_2)
FNF:3
FNH:1
FNDA:0,(anonymous_0)
FNDA:1,(anonymous_1)
FNDA:0,(anonymous_2)
DA:11,0
DA:12,0
DA:16,1
DA:18,1
DA:23,1
DA:28,1
DA:45,2
DA:46,0
LF:8
LH:5
BRDA:36,0,0,0
BRDA:36,0,1,1
BRF:2
BRH:1
end_of_record
TN:
SF:C:\Users\nxp86281\Documents\Cours\picshape\front\src\components\Home\Home.js
FN:7,(anonymous_0)
FN:13,(anonymous_1)
FNF:2
FNH:2
FNDA:1,(anonymous_0)
FNDA:1,(anonymous_1)
DA:8,1
DA:9,1
DA:14,1
LF:3
LH:3
BRF:0
BRH:0
end_of_record
TN:
SF:C:\Users\nxp86281\Documents\Cours\picshape\front\src\components\Messages\Messages.js
FN:4,(anonymous_0)
FN:9,(anonymous_1)
FN:16,(anonymous_2)
FN:23,(anonymous_3)
FNF:4
FNH:1
FNDA:1,(anonymous_0)
FNDA:0,(anonymous_1)
FNDA:0,(anonymous_2)
FNDA:0,(anonymous_3)
DA:5,1
DA:9,0
DA:16,0
DA:23,0
LF:4
LH:1
BRDA:5,0,0,0
BRDA:5,0,1,0
BRDA:11,1,0,0
BRDA:11,1,1,0
BRDA:18,2,0,0
BRDA:18,2,1,0
BRF:6
BRH:0
end_of_record
TN:
SF:C:\Users\nxp86281\Documents\Cours\picshape\front\src\components\NotFound\NotFound.js
FN:3,(anonymous_0)
FNF:1
FNH:1
FNDA:1,(anonymous_0)
DA:3,1
DA:4,1
LF:2
LH:2
BRF:0
BRH:0
end_of_record
TN:
SF:C:\Users\nxp86281\Documents\Cours\picshape\front\src\components\Upload\Upload.js
FN:14,(anonymous_0)
FN:22,(anonymous_1)
FN:29,(anonymous_2)
FN:40,(anonymous_3)
FN:50,(anonymous_4)
FN:63,(anonymous_5)
FN:130,(anonymous_6)
FNF:7
FNH:2
FNDA:1,(anonymous_0)
FNDA:0,(anonymous_1)
FNDA:0,(anonymous_2)
FNDA:0,(anonymous_3)
FNDA:0,(anonymous_4)
FNDA:1,(anonymous_5)
FNDA:0,(anonymous_6)
DA:15,1
DA:16,1
DA:23,0
DA:24,0
DA:26,0
DA:27,0
DA:29,0
DA:30,0
DA:31,0
DA:37,0
DA:42,0
DA:43,0
DA:46,0
DA:51,0
DA:53,0
DA:54,0
DA:55,0
DA:57,0
DA:58,0
DA:64,1
DA:80,1
DA:86,1
DA:130,1
DA:131,0
LF:24
LH:6
BRDA:42,0,0,0
BRDA:42,0,1,0
BRDA:57,1,0,0
BRDA:57,1,1,0
BRDA:57,2,0,0
BRDA:57,2,1,0
BRDA:64,3,0,1
BRDA:64,3,1,0
BRF:8
BRH:1
end_of_record
